# JRE version: OpenJDK Runtime Environment Temurin-21.0.9+10 (21.0.9+10) (build 21.0.9+10-LTS)
# Java VM: OpenJDK 64-Bit Server VM Temurin-21.0.9+10 (21.0.9+10-LTS, mixed mode, sharing, tiered, compressed oops, compressed class ptrs, parallel gc, windows-amd64)
GC Precious Log:
 CardTable entry size: 512
 CPUs: 12 total, 12 available
 Memory: 7876M
 Large Page Support: Disabled
 NUMA Support: Disabled
 Compressed Oops: Enabled (32-bit)
 Alignments: Space 512K, Generation 512K, Heap 2M
 Heap Min Capacity: 100M
 Heap Initial Capacity: 100M
 Heap Max Capacity: 2G
 Pre-touch: Disabled
 Parallel Workers: 10
Heap:
 PSYoungGen      total 3584K, used 2554K [0x00000000d5580000, 0x00000000d5980000, 0x0000000100000000)
  eden space 3072K, 72% used [0x00000000d5580000,0x00000000d57ae8d8,0x00000000d5880000)
  from space 512K, 62% used [0x00000000d5900000,0x00000000d5950000,0x00000000d5980000)
  to   space 512K, 0% used [0x00000000d5880000,0x00000000d5880000,0x00000000d5900000)
 ParOldGen       total 470016K, used 90664K [0x0000000080000000, 0x000000009cb00000, 0x00000000d5580000)
  object space 470016K, 19% used [0x0000000080000000,0x000000008588a398,0x000000009cb00000)
 Metaspace       used 82040K, committed 83712K, reserved 1179648K
  class space    used 8704K, committed 9408K, reserved 1048576K
GC Heap History (20 events):
Event: 288.452 GC heap before
{Heap before GC invocations=669 (full 4):
 PSYoungGen      total 2560K, used 2524K [0x00000000d5580000, 0x00000000d5a00000, 0x0000000100000000)
  eden space 1536K, 100% used [0x00000000d5580000,0x00000000d5700000,0x00000000d5700000)
  from space 1024K, 96% used [0x00000000d5900000,0x00000000d59f70b8,0x00000000d5a00000)
  to   space 1536K, 0% used [0x00000000d5700000,0x00000000d5700000,0x00000000d5880000)
 ParOldGen       total 470016K, used 87388K [0x0000000080000000, 0x000000009cb00000, 0x00000000d5580000)
  object space 470016K, 18% used [0x0000000080000000,0x00000000855571f0,0x000000009cb00000)
 Metaspace       used 81661K, committed 83328K, reserved 1179648K
  class space    used 8675K, committed 9344K, reserved 1048576K
}
Event: 288.457 GC heap after
{Heap after GC invocations=669 (full 4):
 PSYoungGen      total 3072K, used 1281K [0x00000000d5580000, 0x00000000d5a80000, 0x0000000100000000)
  eden space 1536K, 0% used [0x00000000d5580000,0x00000000d5580000,0x00000000d5700000)
  from space 1536K, 83% used [0x00000000d5700000,0x00000000d5840700,0x00000000d5880000)
  to   space 1536K, 0% used [0x00000000d5900000,0x00000000d5900000,0x00000000d5a80000)
 ParOldGen       total 470016K, used 88197K [0x0000000080000000, 0x000000009cb00000, 0x00000000d5580000)
  object space 470016K, 18% used [0x0000000080000000,0x0000000085621730,0x000000009cb00000)
 Metaspace       used 81661K, committed 83328K, reserved 1179648K
  class space    used 8675K, committed 9344K, reserved 1048576K
}
Event: 288.465 GC heap before
{Heap before GC invocations=670 (full 4):
 PSYoungGen      total 3072K, used 2817K [0x00000000d5580000, 0x00000000d5a80000, 0x0000000100000000)
  eden space 1536K, 100% used [0x00000000d5580000,0x00000000d5700000,0x00000000d5700000)
  from space 1536K, 83% used [0x00000000d5700000,0x00000000d5840700,0x00000000d5880000)
  to   space 1536K, 0% used [0x00000000d5900000,0x00000000d5900000,0x00000000d5a80000)
 ParOldGen       total 470016K, used 88197K [0x0000000080000000, 0x000000009cb00000, 0x00000000d5580000)
  object space 470016K, 18% used [0x0000000080000000,0x0000000085621730,0x000000009cb00000)
 Metaspace       used 81661K, committed 83328K, reserved 1179648K
  class space    used 8675K, committed 9344K, reserved 1048576K
}
Event: 288.467 GC heap after
{Heap after GC invocations=670 (full 4):
 PSYoungGen      total 2560K, used 512K [0x00000000d5580000, 0x00000000d5980000, 0x0000000100000000)
  eden space 2048K, 0% used [0x00000000d5580000,0x00000000d5580000,0x00000000d5780000)
  from space 512K, 100% used [0x00000000d5900000,0x00000000d5980000,0x00000000d5980000)
  to   space 1024K, 0% used [0x00000000d5780000,0x00000000d5780000,0x00000000d5880000)
 ParOldGen       total 470016K, used 89379K [0x0000000080000000, 0x000000009cb00000, 0x00000000d5580000)
  object space 470016K, 19% used [0x0000000080000000,0x0000000085748ec0,0x000000009cb00000)
 Metaspace       used 81661K, committed 83328K, reserved 1179648K
  class space    used 8675K, committed 9344K, reserved 1048576K
}
Event: 288.474 GC heap before
{Heap before GC invocations=671 (full 4):
 PSYoungGen      total 2560K, used 2560K [0x00000000d5580000, 0x00000000d5980000, 0x0000000100000000)
  eden space 2048K, 100% used [0x00000000d5580000,0x00000000d5780000,0x00000000d5780000)
  from space 512K, 100% used [0x00000000d5900000,0x00000000d5980000,0x00000000d5980000)
  to   space 1024K, 0% used [0x00000000d5780000,0x00000000d5780000,0x00000000d5880000)
 ParOldGen       total 470016K, used 89379K [0x0000000080000000, 0x000000009cb00000, 0x00000000d5580000)
  object space 470016K, 19% used [0x0000000080000000,0x0000000085748ec0,0x000000009cb00000)
 Metaspace       used 81661K, committed 83328K, reserved 1179648K
  class space    used 8675K, committed 9344K, reserved 1048576K
}
Event: 288.476 GC heap after
{Heap after GC invocations=671 (full 4):
 PSYoungGen      total 3072K, used 384K [0x00000000d5580000, 0x00000000d5980000, 0x0000000100000000)
  eden space 2048K, 0% used [0x00000000d5580000,0x00000000d5580000,0x00000000d5780000)
  from space 1024K, 37% used [0x00000000d5780000,0x00000000d57e0000,0x00000000d5880000)
  to   space 512K, 0% used [0x00000000d5900000,0x00000000d5900000,0x00000000d5980000)
 ParOldGen       total 470016K, used 89747K [0x0000000080000000, 0x000000009cb00000, 0x00000000d5580000)
  object space 470016K, 19% used [0x0000000080000000,0x00000000857a4ec0,0x000000009cb00000)
 Metaspace       used 81661K, committed 83328K, reserved 1179648K
  class space    used 8675K, committed 9344K, reserved 1048576K
}
Event: 291.458 GC heap before
{Heap before GC invocations=672 (full 4):
 PSYoungGen      total 3072K, used 2432K [0x00000000d5580000, 0x00000000d5980000, 0x0000000100000000)
  eden space 2048K, 100% used [0x00000000d5580000,0x00000000d5780000,0x00000000d5780000)
  from space 1024K, 37% used [0x00000000d5780000,0x00000000d57e0000,0x00000000d5880000)
  to   space 512K, 0% used [0x00000000d5900000,0x00000000d5900000,0x00000000d5980000)
 ParOldGen       total 470016K, used 89747K [0x0000000080000000, 0x000000009cb00000, 0x00000000d5580000)
  object space 470016K, 19% used [0x0000000080000000,0x00000000857a4ec0,0x000000009cb00000)
 Metaspace       used 81665K, committed 83328K, reserved 1179648K
  class space    used 8675K, committed 9344K, reserved 1048576K
}
Event: 291.464 GC heap after
{Heap after GC invocations=672 (full 4):
 PSYoungGen      total 3072K, used 448K [0x00000000d5580000, 0x00000000d5980000, 0x0000000100000000)
  eden space 2560K, 0% used [0x00000000d5580000,0x00000000d5580000,0x00000000d5800000)
  from space 512K, 87% used [0x00000000d5900000,0x00000000d5970000,0x00000000d5980000)
  to   space 512K, 0% used [0x00000000d5880000,0x00000000d5880000,0x00000000d5900000)
 ParOldGen       total 470016K, used 89995K [0x0000000080000000, 0x000000009cb00000, 0x00000000d5580000)
  object space 470016K, 19% used [0x0000000080000000,0x00000000857e2ee0,0x000000009cb00000)
 Metaspace       used 81665K, committed 83328K, reserved 1179648K
  class space    used 8675K, committed 9344K, reserved 1048576K
}
Event: 303.314 GC heap before
{Heap before GC invocations=673 (full 4):
 PSYoungGen      total 3072K, used 3008K [0x00000000d5580000, 0x00000000d5980000, 0x0000000100000000)
  eden space 2560K, 100% used [0x00000000d5580000,0x00000000d5800000,0x00000000d5800000)
  from space 512K, 87% used [0x00000000d5900000,0x00000000d5970000,0x00000000d5980000)
  to   space 512K, 0% used [0x00000000d5880000,0x00000000d5880000,0x00000000d5900000)
 ParOldGen       total 470016K, used 89995K [0x0000000080000000, 0x000000009cb00000, 0x00000000d5580000)
  object space 470016K, 19% used [0x0000000080000000,0x00000000857e2ee0,0x000000009cb00000)
 Metaspace       used 81682K, committed 83328K, reserved 1179648K
  class space    used 8675K, committed 9344K, reserved 1048576K
}
Event: 303.315 GC heap after
{Heap after GC invocations=673 (full 4):
 PSYoungGen      total 3584K, used 224K [0x00000000d5580000, 0x00000000d5980000, 0x0000000100000000)
  eden space 3072K, 0% used [0x00000000d5580000,0x00000000d5580000,0x00000000d5880000)
  from space 512K, 43% used [0x00000000d5880000,0x00000000d58b8000,0x00000000d5900000)
  to   space 512K, 0% used [0x00000000d5900000,0x00000000d5900000,0x00000000d5980000)
 ParOldGen       total 470016K, used 90288K [0x0000000080000000, 0x000000009cb00000, 0x00000000d5580000)
  object space 470016K, 19% used [0x0000000080000000,0x000000008582c388,0x000000009cb00000)
 Metaspace       used 81682K, committed 83328K, reserved 1179648K
  class space    used 8675K, committed 9344K, reserved 1048576K
}
Event: 309.542 GC heap before
{Heap before GC invocations=674 (full 4):
 PSYoungGen      total 3584K, used 3296K [0x00000000d5580000, 0x00000000d5980000, 0x0000000100000000)
  eden space 3072K, 100% used [0x00000000d5580000,0x00000000d5880000,0x00000000d5880000)
  from space 512K, 43% used [0x00000000d5880000,0x00000000d58b8000,0x00000000d5900000)
  to   space 512K, 0% used [0x00000000d5900000,0x00000000d5900000,0x00000000d5980000)
 ParOldGen       total 470016K, used 90288K [0x0000000080000000, 0x000000009cb00000, 0x00000000d5580000)
  object space 470016K, 19% used [0x0000000080000000,0x000000008582c388,0x000000009cb00000)
 Metaspace       used 81728K, committed 83392K, reserved 1179648K
  class space    used 8675K, committed 9344K, reserved 1048576K
}
Event: 309.545 GC heap after
{Heap after GC invocations=674 (full 4):
 PSYoungGen      total 3584K, used 256K [0x00000000d5580000, 0x00000000d5980000, 0x0000000100000000)
  eden space 3072K, 0% used [0x00000000d5580000,0x00000000d5580000,0x00000000d5880000)
  from space 512K, 50% used [0x00000000d5900000,0x00000000d5940000,0x00000000d5980000)
  to   space 512K, 0% used [0x00000000d5880000,0x00000000d5880000,0x00000000d5900000)
 ParOldGen       total 470016K, used 90344K [0x0000000080000000, 0x000000009cb00000, 0x00000000d5580000)
  object space 470016K, 19% used [0x0000000080000000,0x000000008583a388,0x000000009cb00000)
 Metaspace       used 81728K, committed 83392K, reserved 1179648K
  class space    used 8675K, committed 9344K, reserved 1048576K
}
Event: 397.109 GC heap before
{Heap before GC invocations=675 (full 4):
 PSYoungGen      total 3584K, used 3327K [0x00000000d5580000, 0x00000000d5980000, 0x0000000100000000)
  eden space 3072K, 99% used [0x00000000d5580000,0x00000000d587ffd8,0x00000000d5880000)
  from space 512K, 50% used [0x00000000d5900000,0x00000000d5940000,0x00000000d5980000)
  to   space 512K, 0% used [0x00000000d5880000,0x00000000d5880000,0x00000000d5900000)
 ParOldGen       total 470016K, used 90344K [0x0000000080000000, 0x000000009cb00000, 0x00000000d5580000)
  object space 470016K, 19% used [0x0000000080000000,0x000000008583a388,0x000000009cb00000)
 Metaspace       used 81915K, committed 83648K, reserved 1179648K
  class space    used 8695K, committed 9408K, reserved 1048576K
}
Event: 397.150 GC heap after
{Heap after GC invocations=675 (full 4):
 PSYoungGen      total 3584K, used 256K [0x00000000d5580000, 0x00000000d5980000, 0x0000000100000000)
  eden space 3072K, 0% used [0x00000000d5580000,0x00000000d5580000,0x00000000d5880000)
  from space 512K, 50% used [0x00000000d5880000,0x00000000d58c0000,0x00000000d5900000)
  to   space 512K, 0% used [0x00000000d5900000,0x00000000d5900000,0x00000000d5980000)
 ParOldGen       total 470016K, used 90360K [0x0000000080000000, 0x000000009cb00000, 0x00000000d5580000)
  object space 470016K, 19% used [0x0000000080000000,0x000000008583e388,0x000000009cb00000)
 Metaspace       used 81915K, committed 83648K, reserved 1179648K
  class space    used 8695K, committed 9408K, reserved 1048576K
}
Event: 406.622 GC heap before
{Heap before GC invocations=676 (full 4):
 PSYoungGen      total 3584K, used 3317K [0x00000000d5580000, 0x00000000d5980000, 0x0000000100000000)
  eden space 3072K, 99% used [0x00000000d5580000,0x00000000d587d630,0x00000000d5880000)
  from space 512K, 50% used [0x00000000d5880000,0x00000000d58c0000,0x00000000d5900000)
  to   space 512K, 0% used [0x00000000d5900000,0x00000000d5900000,0x00000000d5980000)
 ParOldGen       total 470016K, used 90360K [0x0000000080000000, 0x000000009cb00000, 0x00000000d5580000)
  object space 470016K, 19% used [0x0000000080000000,0x000000008583e388,0x000000009cb00000)
 Metaspace       used 81975K, committed 83648K, reserved 1179648K
  class space    used 8702K, committed 9408K, reserved 1048576K
}
Event: 406.625 GC heap after
{Heap after GC invocations=676 (full 4):
 PSYoungGen      total 3584K, used 352K [0x00000000d5580000, 0x00000000d5980000, 0x0000000100000000)
  eden space 3072K, 0% used [0x00000000d5580000,0x00000000d5580000,0x00000000d5880000)
  from space 512K, 68% used [0x00000000d5900000,0x00000000d5958000,0x00000000d5980000)
  to   space 512K, 0% used [0x00000000d5880000,0x00000000d5880000,0x00000000d5900000)
 ParOldGen       total 470016K, used 90448K [0x0000000080000000, 0x000000009cb00000, 0x00000000d5580000)
  object space 470016K, 19% used [0x0000000080000000,0x0000000085854388,0x000000009cb00000)
 Metaspace       used 81975K, committed 83648K, reserved 1179648K
  class space    used 8702K, committed 9408K, reserved 1048576K
}
Event: 406.791 GC heap before
{Heap before GC invocations=677 (full 4):
 PSYoungGen      total 3584K, used 3424K [0x00000000d5580000, 0x00000000d5980000, 0x0000000100000000)
  eden space 3072K, 100% used [0x00000000d5580000,0x00000000d5880000,0x00000000d5880000)
  from space 512K, 68% used [0x00000000d5900000,0x00000000d5958000,0x00000000d5980000)
  to   space 512K, 0% used [0x00000000d5880000,0x00000000d5880000,0x00000000d5900000)
 ParOldGen       total 470016K, used 90448K [0x0000000080000000, 0x000000009cb00000, 0x00000000d5580000)
  object space 470016K, 19% used [0x0000000080000000,0x0000000085854388,0x000000009cb00000)
 Metaspace       used 81995K, committed 83648K, reserved 1179648K
  class space    used 8704K, committed 9408K, reserved 1048576K
}
Event: 406.793 GC heap after
{Heap after GC invocations=677 (full 4):
 PSYoungGen      total 3584K, used 352K [0x00000000d5580000, 0x00000000d5980000, 0x0000000100000000)
  eden space 3072K, 0% used [0x00000000d5580000,0x00000000d5580000,0x00000000d5880000)
  from space 512K, 68% used [0x00000000d5880000,0x00000000d58d8000,0x00000000d5900000)
  to   space 512K, 0% used [0x00000000d5900000,0x00000000d5900000,0x00000000d5980000)
 ParOldGen       total 470016K, used 90600K [0x0000000080000000, 0x000000009cb00000, 0x00000000d5580000)
  object space 470016K, 19% used [0x0000000080000000,0x000000008587a398,0x000000009cb00000)
 Metaspace       used 81995K, committed 83648K, reserved 1179648K
  class space    used 8704K, committed 9408K, reserved 1048576K
}
Event: 409.545 GC heap before
{Heap before GC invocations=678 (full 4):
 PSYoungGen      total 3584K, used 3423K [0x00000000d5580000, 0x00000000d5980000, 0x0000000100000000)
  eden space 3072K, 99% used [0x00000000d5580000,0x00000000d587fff8,0x00000000d5880000)
  from space 512K, 68% used [0x00000000d5880000,0x00000000d58d8000,0x00000000d5900000)
  to   space 512K, 0% used [0x00000000d5900000,0x00000000d5900000,0x00000000d5980000)
 ParOldGen       total 470016K, used 90600K [0x0000000080000000, 0x000000009cb00000, 0x00000000d5580000)
  object space 470016K, 19% used [0x0000000080000000,0x000000008587a398,0x000000009cb00000)
 Metaspace       used 82018K, committed 83712K, reserved 1179648K
  class space    used 8704K, committed 9408K, reserved 1048576K
}
Event: 409.549 GC heap after
{Heap after GC invocations=678 (full 4):
 PSYoungGen      total 3584K, used 320K [0x00000000d5580000, 0x00000000d5980000, 0x0000000100000000)
  eden space 3072K, 0% used [0x00000000d5580000,0x00000000d5580000,0x00000000d5880000)
  from space 512K, 62% used [0x00000000d5900000,0x00000000d5950000,0x00000000d5980000)
  to   space 512K, 0% used [0x00000000d5880000,0x00000000d5880000,0x00000000d5900000)
 ParOldGen       total 470016K, used 90664K [0x0000000080000000, 0x000000009cb00000, 0x00000000d5580000)
  object space 470016K, 19% used [0x0000000080000000,0x000000008588a398,0x000000009cb00000)
 Metaspace       used 82018K, committed 83712K, reserved 1179648K
  class space    used 8704K, committed 9408K, reserved 1048576K
}

